{"/home/ltshb/repositories/action-milestone-bump-tag/src/tags.ts": {"path":"/home/ltshb/repositories/action-milestone-bump-tag/src/tags.ts","all":false,"statementMap":{"0":{"start":{"line":1,"column":0},"end":{"line":1,"column":41}},"1":{"start":{"line":2,"column":0},"end":{"line":2,"column":37}},"2":{"start":{"line":3,"column":0},"end":{"line":3,"column":0}},"3":{"start":{"line":4,"column":0},"end":{"line":4,"column":83}},"4":{"start":{"line":5,"column":0},"end":{"line":5,"column":43}},"5":{"start":{"line":6,"column":0},"end":{"line":6,"column":0}},"6":{"start":{"line":7,"column":0},"end":{"line":7,"column":34}},"7":{"start":{"line":8,"column":0},"end":{"line":8,"column":60}},"8":{"start":{"line":9,"column":0},"end":{"line":9,"column":25}},"9":{"start":{"line":10,"column":0},"end":{"line":10,"column":34}},"10":{"start":{"line":11,"column":0},"end":{"line":11,"column":70}},"11":{"start":{"line":12,"column":0},"end":{"line":12,"column":5}},"12":{"start":{"line":13,"column":0},"end":{"line":13,"column":24}},"13":{"start":{"line":14,"column":0},"end":{"line":14,"column":1}},"14":{"start":{"line":15,"column":0},"end":{"line":15,"column":0}},"15":{"start":{"line":16,"column":0},"end":{"line":16,"column":77}},"16":{"start":{"line":17,"column":0},"end":{"line":17,"column":23}},"17":{"start":{"line":18,"column":0},"end":{"line":18,"column":38}},"18":{"start":{"line":19,"column":0},"end":{"line":19,"column":0}},"19":{"start":{"line":20,"column":0},"end":{"line":20,"column":64}},"20":{"start":{"line":21,"column":0},"end":{"line":21,"column":50}},"21":{"start":{"line":22,"column":0},"end":{"line":22,"column":30}},"22":{"start":{"line":23,"column":0},"end":{"line":23,"column":20}},"23":{"start":{"line":24,"column":0},"end":{"line":24,"column":37}},"24":{"start":{"line":25,"column":0},"end":{"line":25,"column":21}},"25":{"start":{"line":26,"column":0},"end":{"line":26,"column":9}},"26":{"start":{"line":27,"column":0},"end":{"line":27,"column":16}},"27":{"start":{"line":28,"column":0},"end":{"line":28,"column":6}},"28":{"start":{"line":29,"column":0},"end":{"line":29,"column":23}},"29":{"start":{"line":30,"column":0},"end":{"line":30,"column":32}},"30":{"start":{"line":31,"column":0},"end":{"line":31,"column":5}},"31":{"start":{"line":32,"column":0},"end":{"line":32,"column":0}},"32":{"start":{"line":33,"column":0},"end":{"line":33,"column":19}},"33":{"start":{"line":34,"column":0},"end":{"line":34,"column":1}},"34":{"start":{"line":35,"column":0},"end":{"line":35,"column":0}},"35":{"start":{"line":36,"column":0},"end":{"line":36,"column":33}},"36":{"start":{"line":37,"column":0},"end":{"line":37,"column":18}},"37":{"start":{"line":38,"column":0},"end":{"line":38,"column":21}},"38":{"start":{"line":39,"column":0},"end":{"line":39,"column":23}},"39":{"start":{"line":40,"column":0},"end":{"line":40,"column":27}},"40":{"start":{"line":41,"column":0},"end":{"line":41,"column":45}},"41":{"start":{"line":42,"column":0},"end":{"line":42,"column":0}},"42":{"start":{"line":43,"column":0},"end":{"line":43,"column":47}},"43":{"start":{"line":44,"column":0},"end":{"line":44,"column":37}},"44":{"start":{"line":45,"column":0},"end":{"line":45,"column":1}},"45":{"start":{"line":46,"column":0},"end":{"line":46,"column":0}},"46":{"start":{"line":47,"column":0},"end":{"line":47,"column":30}},"47":{"start":{"line":48,"column":0},"end":{"line":48,"column":23}},"48":{"start":{"line":49,"column":0},"end":{"line":49,"column":30}},"49":{"start":{"line":50,"column":0},"end":{"line":50,"column":40}},"50":{"start":{"line":51,"column":0},"end":{"line":51,"column":11}},"51":{"start":{"line":52,"column":0},"end":{"line":52,"column":29}},"52":{"start":{"line":53,"column":0},"end":{"line":53,"column":0}},"53":{"start":{"line":54,"column":0},"end":{"line":54,"column":20}},"54":{"start":{"line":55,"column":0},"end":{"line":55,"column":62}},"55":{"start":{"line":56,"column":0},"end":{"line":56,"column":12}},"56":{"start":{"line":57,"column":0},"end":{"line":57,"column":89}},"57":{"start":{"line":58,"column":0},"end":{"line":58,"column":5}},"58":{"start":{"line":59,"column":0},"end":{"line":59,"column":71}},"59":{"start":{"line":60,"column":0},"end":{"line":60,"column":38}},"60":{"start":{"line":61,"column":0},"end":{"line":61,"column":1}},"61":{"start":{"line":62,"column":0},"end":{"line":62,"column":0}},"62":{"start":{"line":63,"column":0},"end":{"line":63,"column":26}},"63":{"start":{"line":64,"column":0},"end":{"line":64,"column":23}},"64":{"start":{"line":65,"column":0},"end":{"line":65,"column":30}},"65":{"start":{"line":66,"column":0},"end":{"line":66,"column":31}},"66":{"start":{"line":67,"column":0},"end":{"line":67,"column":27}},"67":{"start":{"line":68,"column":0},"end":{"line":68,"column":33}},"68":{"start":{"line":69,"column":0},"end":{"line":69,"column":11}},"69":{"start":{"line":70,"column":0},"end":{"line":70,"column":22}},"70":{"start":{"line":71,"column":0},"end":{"line":71,"column":72}},"71":{"start":{"line":72,"column":0},"end":{"line":72,"column":0}},"72":{"start":{"line":73,"column":0},"end":{"line":73,"column":18}},"73":{"start":{"line":74,"column":0},"end":{"line":74,"column":44}},"74":{"start":{"line":75,"column":0},"end":{"line":75,"column":53}},"75":{"start":{"line":76,"column":0},"end":{"line":76,"column":105}},"76":{"start":{"line":77,"column":0},"end":{"line":77,"column":9}},"77":{"start":{"line":78,"column":0},"end":{"line":78,"column":35}},"78":{"start":{"line":79,"column":0},"end":{"line":79,"column":86}},"79":{"start":{"line":80,"column":0},"end":{"line":80,"column":28}},"80":{"start":{"line":81,"column":0},"end":{"line":81,"column":16}},"81":{"start":{"line":82,"column":0},"end":{"line":82,"column":31}},"82":{"start":{"line":83,"column":0},"end":{"line":83,"column":60}},"83":{"start":{"line":84,"column":0},"end":{"line":84,"column":79}},"84":{"start":{"line":85,"column":0},"end":{"line":85,"column":9}},"85":{"start":{"line":86,"column":0},"end":{"line":86,"column":12}},"86":{"start":{"line":87,"column":0},"end":{"line":87,"column":25}},"87":{"start":{"line":88,"column":0},"end":{"line":88,"column":92}},"88":{"start":{"line":89,"column":0},"end":{"line":89,"column":9}},"89":{"start":{"line":90,"column":0},"end":{"line":90,"column":27}},"90":{"start":{"line":91,"column":0},"end":{"line":91,"column":47}},"91":{"start":{"line":92,"column":0},"end":{"line":92,"column":62}},"92":{"start":{"line":93,"column":0},"end":{"line":93,"column":5}},"93":{"start":{"line":94,"column":0},"end":{"line":94,"column":0}},"94":{"start":{"line":95,"column":0},"end":{"line":95,"column":17}},"95":{"start":{"line":96,"column":0},"end":{"line":96,"column":1}}},"s":{"0":1,"1":1,"2":1,"3":1,"4":0,"5":0,"6":0,"7":0,"8":0,"9":0,"10":0,"11":0,"12":0,"13":0,"14":1,"15":1,"16":4,"17":4,"18":4,"19":4,"20":4,"21":11,"22":5,"23":11,"24":6,"25":6,"26":0,"27":0,"28":4,"29":3,"30":3,"31":4,"32":4,"33":4,"34":1,"35":1,"36":0,"37":0,"38":0,"39":0,"40":0,"41":0,"42":0,"43":0,"44":0,"45":1,"46":1,"47":12,"48":12,"49":12,"50":12,"51":12,"52":12,"53":12,"54":3,"55":12,"56":9,"57":9,"58":12,"59":12,"60":12,"61":1,"62":1,"63":6,"64":6,"65":6,"66":6,"67":6,"68":6,"69":6,"70":6,"71":6,"72":6,"73":4,"74":4,"75":0,"76":0,"77":4,"78":0,"79":0,"80":4,"81":4,"82":4,"83":4,"84":4,"85":6,"86":2,"87":0,"88":0,"89":2,"90":2,"91":2,"92":2,"93":6,"94":6,"95":6},"branchMap":{"0":{"type":"branch","line":16,"loc":{"start":{"line":16,"column":7},"end":{"line":34,"column":1}},"locations":[{"start":{"line":16,"column":7},"end":{"line":34,"column":1}}]},"1":{"type":"branch","line":29,"loc":{"start":{"line":29,"column":22},"end":{"line":31,"column":5}},"locations":[{"start":{"line":29,"column":22},"end":{"line":31,"column":5}}]},"2":{"type":"branch","line":20,"loc":{"start":{"line":20,"column":25},"end":{"line":20,"column":50}},"locations":[{"start":{"line":20,"column":25},"end":{"line":20,"column":50}}]},"3":{"type":"branch","line":21,"loc":{"start":{"line":21,"column":23},"end":{"line":28,"column":6}},"locations":[{"start":{"line":21,"column":23},"end":{"line":28,"column":6}}]},"4":{"type":"branch","line":22,"loc":{"start":{"line":22,"column":29},"end":{"line":24,"column":15}},"locations":[{"start":{"line":22,"column":29},"end":{"line":24,"column":15}}]},"5":{"type":"branch","line":24,"loc":{"start":{"line":24,"column":9},"end":{"line":26,"column":9}},"locations":[{"start":{"line":24,"column":9},"end":{"line":26,"column":9}}]},"6":{"type":"branch","line":27,"loc":{"start":{"line":27,"column":-1},"end":{"line":28,"column":6}},"locations":[{"start":{"line":27,"column":-1},"end":{"line":28,"column":6}}]},"7":{"type":"branch","line":47,"loc":{"start":{"line":47,"column":7},"end":{"line":61,"column":1}},"locations":[{"start":{"line":47,"column":7},"end":{"line":61,"column":1}}]},"8":{"type":"branch","line":54,"loc":{"start":{"line":54,"column":19},"end":{"line":56,"column":11}},"locations":[{"start":{"line":54,"column":19},"end":{"line":56,"column":11}}]},"9":{"type":"branch","line":56,"loc":{"start":{"line":56,"column":5},"end":{"line":58,"column":5}},"locations":[{"start":{"line":56,"column":5},"end":{"line":58,"column":5}}]},"10":{"type":"branch","line":63,"loc":{"start":{"line":63,"column":7},"end":{"line":96,"column":1}},"locations":[{"start":{"line":63,"column":7},"end":{"line":96,"column":1}}]},"11":{"type":"branch","line":73,"loc":{"start":{"line":73,"column":17},"end":{"line":86,"column":11}},"locations":[{"start":{"line":73,"column":17},"end":{"line":86,"column":11}}]},"12":{"type":"branch","line":75,"loc":{"start":{"line":75,"column":52},"end":{"line":77,"column":9}},"locations":[{"start":{"line":75,"column":52},"end":{"line":77,"column":9}}]},"13":{"type":"branch","line":78,"loc":{"start":{"line":78,"column":34},"end":{"line":81,"column":15}},"locations":[{"start":{"line":78,"column":34},"end":{"line":81,"column":15}}]},"14":{"type":"branch","line":86,"loc":{"start":{"line":86,"column":5},"end":{"line":93,"column":5}},"locations":[{"start":{"line":86,"column":5},"end":{"line":93,"column":5}}]},"15":{"type":"branch","line":87,"loc":{"start":{"line":87,"column":24},"end":{"line":89,"column":9}},"locations":[{"start":{"line":87,"column":24},"end":{"line":89,"column":9}}]}},"b":{"0":[4],"1":[3],"2":[29],"3":[11],"4":[5],"5":[6],"6":[0],"7":[12],"8":[3],"9":[9],"10":[6],"11":[4],"12":[0],"13":[0],"14":[2],"15":[0]},"fnMap":{"0":{"name":"getTags","decl":{"start":{"line":4,"column":7},"end":{"line":14,"column":1}},"loc":{"start":{"line":4,"column":7},"end":{"line":14,"column":1}},"line":4},"1":{"name":"lastTag","decl":{"start":{"line":16,"column":7},"end":{"line":34,"column":1}},"loc":{"start":{"line":16,"column":7},"end":{"line":34,"column":1}},"line":16},"2":{"name":"getLastTag","decl":{"start":{"line":36,"column":7},"end":{"line":45,"column":1}},"loc":{"start":{"line":36,"column":7},"end":{"line":45,"column":1}},"line":36},"3":{"name":"getTagPattern","decl":{"start":{"line":47,"column":7},"end":{"line":61,"column":1}},"loc":{"start":{"line":47,"column":7},"end":{"line":61,"column":1}},"line":47},"4":{"name":"getNewTag","decl":{"start":{"line":63,"column":7},"end":{"line":96,"column":1}},"loc":{"start":{"line":63,"column":7},"end":{"line":96,"column":1}},"line":63}},"f":{"0":0,"1":4,"2":0,"3":12,"4":6}}
}
