TN:
SF:src/tags.ts
FN:4,getTags
FN:16,lastTag
FN:36,getLastTag
FN:47,getTagPattern
FN:63,getNewTag
FNF:5
FNH:3
FNDA:0,getTags
FNDA:4,lastTag
FNDA:0,getLastTag
FNDA:12,getTagPattern
FNDA:6,getNewTag
DA:1,1
DA:2,1
DA:3,1
DA:4,1
DA:5,0
DA:6,0
DA:7,0
DA:8,0
DA:9,0
DA:10,0
DA:11,0
DA:12,0
DA:13,0
DA:14,0
DA:15,1
DA:16,1
DA:17,4
DA:18,4
DA:19,4
DA:20,4
DA:21,4
DA:22,11
DA:23,5
DA:24,11
DA:25,6
DA:26,6
DA:27,0
DA:28,0
DA:29,4
DA:30,3
DA:31,3
DA:32,4
DA:33,4
DA:34,4
DA:35,1
DA:36,1
DA:37,0
DA:38,0
DA:39,0
DA:40,0
DA:41,0
DA:42,0
DA:43,0
DA:44,0
DA:45,0
DA:46,1
DA:47,1
DA:48,12
DA:49,12
DA:50,12
DA:51,12
DA:52,12
DA:53,12
DA:54,12
DA:55,3
DA:56,12
DA:57,9
DA:58,9
DA:59,12
DA:60,12
DA:61,12
DA:62,1
DA:63,1
DA:64,6
DA:65,6
DA:66,6
DA:67,6
DA:68,6
DA:69,6
DA:70,6
DA:71,6
DA:72,6
DA:73,6
DA:74,4
DA:75,4
DA:76,0
DA:77,0
DA:78,4
DA:79,0
DA:80,0
DA:81,4
DA:82,4
DA:83,4
DA:84,4
DA:85,4
DA:86,6
DA:87,2
DA:88,0
DA:89,0
DA:90,2
DA:91,2
DA:92,2
DA:93,2
DA:94,6
DA:95,6
DA:96,6
LF:96
LH:69
BRDA:16,0,0,4
BRDA:29,1,0,3
BRDA:20,2,0,29
BRDA:21,3,0,11
BRDA:22,4,0,5
BRDA:24,5,0,6
BRDA:27,6,0,0
BRDA:47,7,0,12
BRDA:54,8,0,3
BRDA:56,9,0,9
BRDA:63,10,0,6
BRDA:73,11,0,4
BRDA:75,12,0,0
BRDA:78,13,0,0
BRDA:86,14,0,2
BRDA:87,15,0,0
BRF:16
BRH:12
end_of_record
